(---------------------------------------------------------------------)
(                                                                     )
(    ARTWORK LOG                                                      )
(                                                                     )
(    Drawing          : PROIECT_TIE.brd                               )
(    Software Version : 17.2S025                                      )
(    Date/Time        : Mon May 29 01:37:38 2023                      )
(                                                                     )
(---------------------------------------------------------------------)


 ---- Photoplot outline rectangle not found; using drawing extents.



Results from parameter file ...
    DEVICE-TYPE           GERBER_RS274X
    OUTPUT-UNITS          INCHES
    FILM-SIZE             2400000 1600000
    FORMAT                2.5
    ABORT-ON-ERROR        NO
    SCALE                 1
    SUPPRESS-LEAD-ZEROES  YES
    SUPPRESS-TRAIL-ZEROES NO
    SUPPRESS-EQUAL        YES
    UNDEF-APT-CONT        NO



================================================================
     PROCESSING FILM < FAB >
     TO FILE < C:/Users/lucks/OneDrive - Universitatea Politehnica Bucuresti/Desktop/Facultate/Anul II/Sem II/Tehnologii de Interconectare in Electronica (TIE)/Proiect_TIE_finalizat/schema-buna/allegro/FAB.art > ...
================================================================

  FILM PARAMETERS :
  ---------------------------------------------------------
  Undefined line width                8.00
  Mirror code                         NONE
  Rotate angle                        NONE
  Offset x:                           0.00
  Offset y:                           0.00
  Plot negative                       NO
  Suppress unconnected internal pads  NO
  Draw holes only                     NO

    WARNING: 0 width line found at (-1200.00 2945.00)
           ... using undefined line width of 8.00

    WARNING: Multiple 0 width lines; all will be treated the same as the first.
           ... using undefined line width of 8.00

    WARNING: text composed 0 width line found at (-750.50 3757.50)
           ... using undefined line width of 8.00

    WARNING: text having Multiple 0 width lines; all will be treated the same as the first.
           ... using undefined line width of 8.00



  APERTURES USED:
  ---------------------------------------------------------
  TYPE       SIZE/NAME                   ROT   MIRROR MODE 
  ---------------------------------------------------------
  CIRCLE     0.00500                                  DARK 
  CIRCLE     0.00800                                  DARK 

     FAB created with warnings


------------------------------------------------------
 SUMMARY:
        FAB created with warnings

 ARTWORK had warnings
